<?xml version="1.0" encoding="UTF-8"?>
<!-- Generated by org.testng.reporters.JUnitReportReporter -->
<testsuite skipped="0" hostname="DESKTOP-BIMPH13" name="dockerValidation.dockerValidation.ChromeTest2" tests="1" failures="0" timestamp="2020-05-29T14:15:30 JST" time="10.361" errors="0">
  <testcase name="test1" time="10.361" classname="dockerValidation.dockerValidation.ChromeTest2"/>
  <system-out/>
</testsuite> <!-- dockerValidation.dockerValidation.ChromeTest2 -->
