<?xml version="1.0" encoding="UTF-8"?>
<!-- Generated by org.testng.reporters.JUnitReportReporter -->
<testsuite skipped="0" hostname="DESKTOP-BIMPH13" name="remoteTesting.dockerValidation.StopDocker" tests="1" failures="0" timestamp="2020-06-02T00:56:29 JST" time="49.672" errors="0">
  <testcase name="startFile" time="49.672" classname="remoteTesting.dockerValidation.StopDocker"/>
  <system-out/>
</testsuite> <!-- remoteTesting.dockerValidation.StopDocker -->
