<?xml version="1.0" encoding="UTF-8"?>
<!-- Generated by org.testng.reporters.JUnitReportReporter -->
<testsuite skipped="0" hostname="DESKTOP-BIMPH13" name="remoteTesting.dockerValidation.ChromeTest3" tests="1" failures="0" timestamp="2020-06-02T01:51:31 JST" time="48.004" errors="0">
  <testcase name="test1" time="48.004" classname="remoteTesting.dockerValidation.ChromeTest3"/>
  <system-out/>
</testsuite> <!-- remoteTesting.dockerValidation.ChromeTest3 -->
