<?xml version="1.0" encoding="UTF-8"?>
<!-- Generated by org.testng.reporters.JUnitReportReporter -->
<testsuite skipped="0" hostname="DESKTOP-BIMPH13" name="remoteTesting.dockerValidation.StartDocker" tests="1" failures="0" timestamp="2020-06-02T00:52:47 JST" time="18.314" errors="0">
  <testcase name="startFile" time="18.314" classname="remoteTesting.dockerValidation.StartDocker"/>
  <system-out/>
</testsuite> <!-- remoteTesting.dockerValidation.StartDocker -->
