<?xml version="1.0" encoding="UTF-8"?>
<!-- Generated by org.testng.reporters.JUnitReportReporter -->
<testsuite skipped="0" hostname="DESKTOP-BIMPH13" name="dataDriven.excelDataProvider.DataProvide" tests="3" failures="0" timestamp="2020-06-08T12:05:39 JST" time="0.005" errors="0">
  <testcase name="testCaseData" time="0.001" classname="dataDriven.excelDataProvider.DataProvide"/>
  <system-out/>
  <testcase name="testCaseData" time="0.004" classname="dataDriven.excelDataProvider.DataProvide"/>
  <system-out/>
  <testcase name="testCaseData" time="0.000" classname="dataDriven.excelDataProvider.DataProvide"/>
  <system-out/>
</testsuite> <!-- dataDriven.excelDataProvider.DataProvide -->
