<?xml version="1.0" encoding="UTF-8"?>
<!-- Generated by org.testng.reporters.JUnitReportReporter -->
<testsuite skipped="0" hostname="DESKTOP-BIMPH13" name="Test" tests="1" failures="0" timestamp="2020-06-10T10:48:08 JST" time="0.015" errors="0">
  <testcase name="streamFilter" time="0.015" classname="Test"/>
  <system-out/>
</testsuite> <!-- Test -->
